2023-10-21 08:32:32,836 - INFO - Load pretrained SentenceTransformer: BAAI/bge-small-en-v1.5
2023-10-21 08:32:34,095 - INFO - Use pytorch device: cpu
2023-10-21 08:32:35,072 - WARNING - No such comm: 9965b68d648f4ac587d9449da32fa61d
2023-10-21 08:32:35,137 - WARNING - No such comm: c1f3180da0844c269ce5cb5ae7f2dc8d
2023-10-21 08:32:35,140 - WARNING - No such comm: 6a21479581334260995189cf1b8d7e07
2023-10-21 08:32:35,142 - WARNING - No such comm: 8639182908f8485f9bb969e2d7341ea2
2023-10-21 08:32:35,145 - WARNING - No such comm: a75df2be68314900b62eda1f9028dc7e
2023-10-21 08:32:35,154 - WARNING - No such comm: c3739d70e5674c62ba20bf979a117131
2023-10-21 08:32:35,156 - WARNING - No such comm: f7dd2d96316245ddb34f3cecf5c03366
2023-10-21 08:32:35,158 - WARNING - No such comm: f14c9a4b37e44c3294be803cc73fb1c6
2023-10-21 08:32:35,159 - WARNING - No such comm: e82385f4d8724afc9fee20ba006b0e52
2023-10-21 08:32:35,161 - WARNING - No such comm: b94b5527d3a74a52afba2cb40fb53da3
2023-10-21 08:32:35,207 - WARNING - No such comm: 3f99b73bdb894538be4dda89d81ad81a
2023-10-21 08:32:39,713 - INFO - Waiting for 30 seconds. Reponse: {"error":"Model BAAI/bge-small-en-v1.5 is currently loading","estimated_time":20.0}
2023-10-21 08:33:26,048 - WARNING - No such comm: ac4f4feaa4ae49ee80987d0b5d28f22f
2023-10-21 08:33:26,050 - WARNING - No such comm: cacdfa5009344d6f96a5d46c65ef7fa9
2023-10-21 08:33:26,052 - WARNING - No such comm: 9e06c94554de4e0bb984e37f42e148d4
2023-10-21 08:33:26,054 - WARNING - No such comm: dc6a228db34c42df9217f5c88729ac1a
2023-10-21 08:33:26,056 - WARNING - No such comm: d21685347d554920a90e0dea6df17777
2023-10-21 08:33:26,058 - WARNING - No such comm: c1f74c4fb4044fb6bafe16b75d040220
2023-10-21 08:33:26,059 - WARNING - No such comm: f129d7fae6ff4f319bbca12dfe5f6b06
2023-10-21 08:33:26,062 - WARNING - No such comm: 2fa3786bfc5f42cc89133dc982341e18
2023-10-21 08:33:26,063 - WARNING - No such comm: 407c11f509b44ffeb198864240f05c31
2023-10-21 08:33:26,065 - WARNING - No such comm: fac5139f8fdd4da988c44517769c9050
2023-10-21 08:33:26,067 - WARNING - No such comm: 764481be05304a9f92fe1ad99974db13
2023-10-21 08:43:43,857 - INFO - Waiting for 30 seconds. Reponse: {"error":"Model BAAI/bge-small-en-v1.5 is currently loading","estimated_time":20.0}
2023-10-21 08:44:14,741 - INFO - Waiting for 30 seconds. Reponse: {"error":"Model BAAI/bge-small-en-v1.5 is currently loading","estimated_time":20.0}
2023-10-21 08:54:02,660 - INFO - Waiting for 30 seconds. Reponse: {"error":"Model BAAI/bge-small-en-v1.5 is currently loading","estimated_time":20.0}
2023-10-21 08:58:47,085 - WARNING - Warning: Metadata size is greater than 40960 bytes at 66045 bytes at vector index: 1852.
file: dataset/mined-comments-25stars-25prs-JavaScript.json/repo-split\1-plotly@plotly.js.json.
2023-10-21 08:58:47,085 - WARNING - Truncated diff from 65535 to 16104 bytes.
2023-10-21 08:58:47,085 - WARNING - Warning: Metadata size is greater than 40960 bytes at 65863 bytes at vector index: 1980.
file: dataset/mined-comments-25stars-25prs-JavaScript.json/repo-split\1-plotly@plotly.js.json.
2023-10-21 08:58:47,085 - WARNING - Truncated diff from 65535 to 16266 bytes.
2023-10-21 08:58:47,085 - WARNING - Warning: Metadata size is greater than 40960 bytes at 65805 bytes at vector index: 1983.
file: dataset/mined-comments-25stars-25prs-JavaScript.json/repo-split\1-plotly@plotly.js.json.
2023-10-21 08:58:47,085 - WARNING - Truncated diff from 65535 to 16316 bytes.
2023-10-21 08:58:47,085 - WARNING - Warning: Metadata size is greater than 40960 bytes at 65883 bytes at vector index: 1984.
file: dataset/mined-comments-25stars-25prs-JavaScript.json/repo-split\1-plotly@plotly.js.json.
2023-10-21 08:58:47,085 - WARNING - Truncated diff from 65535 to 16238 bytes.
2023-10-21 08:58:47,085 - WARNING - Warning: Metadata size is greater than 40960 bytes at 66210 bytes at vector index: 1985.
file: dataset/mined-comments-25stars-25prs-JavaScript.json/repo-split\1-plotly@plotly.js.json.
2023-10-21 08:58:47,086 - WARNING - Truncated diff from 65535 to 15923 bytes.
2023-10-21 08:58:47,086 - WARNING - Warning: Metadata size is greater than 40960 bytes at 66017 bytes at vector index: 1997.
file: dataset/mined-comments-25stars-25prs-JavaScript.json/repo-split\1-plotly@plotly.js.json.
2023-10-21 08:58:47,086 - WARNING - Truncated diff from 65535 to 16104 bytes.
2023-10-21 08:58:47,086 - WARNING - Warning: Metadata size is greater than 40960 bytes at 65904 bytes at vector index: 1998.
file: dataset/mined-comments-25stars-25prs-JavaScript.json/repo-split\1-plotly@plotly.js.json.
2023-10-21 08:58:47,086 - WARNING - Truncated diff from 65535 to 16217 bytes.
2023-10-21 08:58:47,086 - WARNING - Warning: Metadata size is greater than 40960 bytes at 65899 bytes at vector index: 2009.
file: dataset/mined-comments-25stars-25prs-JavaScript.json/repo-split\1-plotly@plotly.js.json.
2023-10-21 08:58:47,086 - WARNING - Truncated diff from 65535 to 16222 bytes.
2023-10-21 08:58:47,086 - WARNING - Warning: Metadata size is greater than 40960 bytes at 66990 bytes at vector index: 2023.
file: dataset/mined-comments-25stars-25prs-JavaScript.json/repo-split\1-plotly@plotly.js.json.
2023-10-21 08:58:47,086 - WARNING - Truncated diff from 65535 to 15147 bytes.
2023-10-21 08:58:47,086 - WARNING - Warning: Metadata size is greater than 40960 bytes at 66662 bytes at vector index: 2025.
file: dataset/mined-comments-25stars-25prs-JavaScript.json/repo-split\1-plotly@plotly.js.json.
2023-10-21 08:58:47,087 - WARNING - Truncated diff from 65535 to 15473 bytes.
2023-10-21 08:58:47,087 - WARNING - Warning: Metadata size is greater than 40960 bytes at 66087 bytes at vector index: 2026.
file: dataset/mined-comments-25stars-25prs-JavaScript.json/repo-split\1-plotly@plotly.js.json.
2023-10-21 08:58:47,087 - WARNING - Truncated diff from 65535 to 16034 bytes.
2023-10-21 08:58:47,087 - WARNING - Warning: Metadata size is greater than 40960 bytes at 57439 bytes at vector index: 5159.
file: dataset/mined-comments-25stars-25prs-JavaScript.json/repo-split\1-plotly@plotly.js.json.
2023-10-21 08:58:47,087 - WARNING - Truncated diff from 55071 to 26765 bytes.
2023-10-21 08:58:47,087 - WARNING - Warning: Metadata size is greater than 40960 bytes at 51049 bytes at vector index: 6355.
file: dataset/mined-comments-25stars-25prs-JavaScript.json/repo-split\1-plotly@plotly.js.json.
2023-10-21 08:58:47,087 - WARNING - Truncated diff from 48760 to 32989 bytes.
2023-10-21 08:58:47,087 - WARNING - Warning: Metadata size is greater than 40960 bytes at 50938 bytes at vector index: 6363.
file: dataset/mined-comments-25stars-25prs-JavaScript.json/repo-split\1-plotly@plotly.js.json.
2023-10-21 08:58:47,087 - WARNING - Truncated diff from 48760 to 33100 bytes.
2023-10-21 08:58:47,089 - WARNING - Warning: Metadata size is greater than 40960 bytes at 45246 bytes at vector index: 7822.
file: dataset/mined-comments-25stars-25prs-JavaScript.json/repo-split\1-plotly@plotly.js.json.
2023-10-21 08:58:47,089 - WARNING - Truncated diff from 43864 to 37928 bytes.
2023-10-21 08:58:47,089 - WARNING - Warning: Metadata size is greater than 40960 bytes at 49170 bytes at vector index: 8048.
file: dataset/mined-comments-25stars-25prs-JavaScript.json/repo-split\1-plotly@plotly.js.json.
2023-10-21 08:58:47,089 - WARNING - Truncated diff from 47685 to 34165 bytes.
2023-10-21 08:58:47,114 - WARNING - No such comm: 840d9f0586684950b7cca9413006ec65
2023-10-21 08:58:47,132 - WARNING - No such comm: d30b55bf6ef94ec8bd1bbe80c940908c
2023-10-21 08:58:47,133 - WARNING - No such comm: a3c52a026c2640ff81245667b2a37116
2023-10-21 08:58:47,136 - WARNING - No such comm: e86d3a39f67b4a699ab96dadb6fd9942
2023-10-21 08:58:47,137 - WARNING - No such comm: 4fa60750f5f44ceaa5b9420420b5b960
2023-10-21 08:58:47,160 - WARNING - No such comm: 0f9e3ebbef4f4504ba3bbb83f84cb219
2023-10-21 08:58:47,162 - WARNING - No such comm: 484577a978534c1db9c4f44670dd2d06
2023-10-21 08:58:47,164 - WARNING - No such comm: 21118aaac37a4c748d289a3580bf8228
2023-10-21 08:58:47,166 - WARNING - No such comm: 5d977aa2f1164028a1d3ab5cc4db2787
2023-10-21 08:58:47,167 - WARNING - No such comm: bf4a86e40ff048b799e3409889faed1f
2023-10-21 08:58:47,169 - WARNING - No such comm: 330a3bdaecc145d5ada74442fbf364c4
2023-10-21 08:58:47,171 - WARNING - No such comm: f329d5947ec9400fbf087d2f74f5242f
2023-10-21 08:58:47,172 - WARNING - No such comm: 26d5dcb22eb24296b9ba00b64db4ef52
2023-10-21 08:58:47,174 - WARNING - No such comm: 85617743ae3e45f3942f5e40004a903b
2023-10-21 08:58:47,176 - WARNING - No such comm: c9dfb5a84ee7492580ffc360b8987257
2023-10-21 08:58:47,179 - WARNING - No such comm: 36deb9d1ac5f42b68b5d3398a263f418
2023-10-21 08:58:47,181 - WARNING - No such comm: cd1ffd4e427943edaec5fda0ae7becd4
2023-10-21 08:58:47,182 - WARNING - No such comm: 512accc0260b4a888ad7f88284466f02
2023-10-21 08:58:47,184 - WARNING - No such comm: db0ab24ac948406a9011517c042637e5
2023-10-21 08:58:47,187 - WARNING - No such comm: 700737d3917441869fe1fd50bd847a77
2023-10-21 08:58:47,189 - WARNING - No such comm: 1b6cd0599e664e8e970a76bd9a38416d
2023-10-21 08:58:47,191 - WARNING - No such comm: 6e29b99241c246739396c757491fe45e
2023-10-21 19:28:59,448 - WARNING - No such comm: 96b813a2bc1549be97aeb1bb342c5b12
2023-10-21 19:28:59,450 - WARNING - No such comm: 154c13409e094b4fab4c4b94d6094209
2023-10-21 19:28:59,451 - WARNING - No such comm: 8b1478227a7e40529a091ed59acd0830
2023-10-21 19:28:59,452 - WARNING - No such comm: ab312e6bb004447eace9d0d0e1749b12
2023-10-21 19:28:59,454 - WARNING - No such comm: 223bb9df8dda459f9337d6a19e2509a5
2023-10-21 19:28:59,456 - WARNING - No such comm: 35ad07a30e3f43f28a90adde61692ce7
2023-10-21 19:28:59,457 - WARNING - No such comm: 8befa82650bd40688d7e9ea7a1866cdb
2023-10-21 19:28:59,458 - WARNING - No such comm: 418202d249d64f638d837674bcc39715
2023-10-21 19:28:59,460 - WARNING - No such comm: 00b6c1e826e54e14a249077b68132d00
2023-10-21 19:28:59,462 - WARNING - No such comm: 1078967860814e50904a1710c6f94e7e
2023-10-21 19:28:59,463 - WARNING - No such comm: 741d76a05eda4100a11666f829239eee
2023-10-21 19:29:40,645 - INFO - Waiting for 30 seconds. Reponse: {"error":"Model BAAI/bge-small-en-v1.5 is currently loading","estimated_time":20.0}
2023-10-21 19:40:46,435 - INFO - Waiting for 30 seconds. Reponse: {"error":"Model BAAI/bge-small-en-v1.5 is currently loading","estimated_time":20.0}
2023-10-21 19:43:01,765 - INFO - Waiting for 30 seconds. Reponse: {"error":"Model BAAI/bge-small-en-v1.5 is currently loading","estimated_time":20.0}
2023-10-21 19:45:28,611 - INFO - Waiting for 30 seconds. Reponse: {"error":"Model BAAI/bge-small-en-v1.5 is currently loading","estimated_time":20.0}
2023-10-21 19:52:04,718 - INFO - Waiting for 30 seconds. Reponse: {"error":"Model BAAI/bge-small-en-v1.5 is currently loading","estimated_time":20.0}
2023-10-21 19:53:47,866 - WARNING - Warning: Metadata size is greater than 40960 bytes at 66045 bytes at vector index: 1852.
file: dataset/mined-comments-25stars-25prs-JavaScript.json/repo-split\1-plotly@plotly.js.json.
2023-10-21 19:53:47,867 - WARNING - Truncated diff from 65535 to 16104 bytes.
2023-10-21 19:53:47,867 - WARNING - Warning: Metadata size is greater than 40960 bytes at 65863 bytes at vector index: 1980.
file: dataset/mined-comments-25stars-25prs-JavaScript.json/repo-split\1-plotly@plotly.js.json.
2023-10-21 19:53:47,867 - WARNING - Truncated diff from 65535 to 16266 bytes.
2023-10-21 19:53:47,867 - WARNING - Warning: Metadata size is greater than 40960 bytes at 65805 bytes at vector index: 1983.
file: dataset/mined-comments-25stars-25prs-JavaScript.json/repo-split\1-plotly@plotly.js.json.
2023-10-21 19:53:47,867 - WARNING - Truncated diff from 65535 to 16316 bytes.
2023-10-21 19:53:47,867 - WARNING - Warning: Metadata size is greater than 40960 bytes at 65883 bytes at vector index: 1984.
file: dataset/mined-comments-25stars-25prs-JavaScript.json/repo-split\1-plotly@plotly.js.json.
2023-10-21 19:53:47,867 - WARNING - Truncated diff from 65535 to 16238 bytes.
2023-10-21 19:53:47,867 - WARNING - Warning: Metadata size is greater than 40960 bytes at 66210 bytes at vector index: 1985.
file: dataset/mined-comments-25stars-25prs-JavaScript.json/repo-split\1-plotly@plotly.js.json.
2023-10-21 19:53:47,867 - WARNING - Truncated diff from 65535 to 15923 bytes.
2023-10-21 19:53:47,867 - WARNING - Warning: Metadata size is greater than 40960 bytes at 66017 bytes at vector index: 1997.
file: dataset/mined-comments-25stars-25prs-JavaScript.json/repo-split\1-plotly@plotly.js.json.
2023-10-21 19:53:47,867 - WARNING - Truncated diff from 65535 to 16104 bytes.
2023-10-21 19:53:47,867 - WARNING - Warning: Metadata size is greater than 40960 bytes at 65904 bytes at vector index: 1998.
file: dataset/mined-comments-25stars-25prs-JavaScript.json/repo-split\1-plotly@plotly.js.json.
2023-10-21 19:53:47,868 - WARNING - Truncated diff from 65535 to 16217 bytes.
2023-10-21 19:53:47,868 - WARNING - Warning: Metadata size is greater than 40960 bytes at 65899 bytes at vector index: 2009.
file: dataset/mined-comments-25stars-25prs-JavaScript.json/repo-split\1-plotly@plotly.js.json.
2023-10-21 19:53:47,868 - WARNING - Truncated diff from 65535 to 16222 bytes.
2023-10-21 19:53:47,868 - WARNING - Warning: Metadata size is greater than 40960 bytes at 66990 bytes at vector index: 2023.
file: dataset/mined-comments-25stars-25prs-JavaScript.json/repo-split\1-plotly@plotly.js.json.
2023-10-21 19:53:47,868 - WARNING - Truncated diff from 65535 to 15147 bytes.
2023-10-21 19:53:47,868 - WARNING - Warning: Metadata size is greater than 40960 bytes at 66662 bytes at vector index: 2025.
file: dataset/mined-comments-25stars-25prs-JavaScript.json/repo-split\1-plotly@plotly.js.json.
2023-10-21 19:53:47,868 - WARNING - Truncated diff from 65535 to 15473 bytes.
2023-10-21 19:53:47,868 - WARNING - Warning: Metadata size is greater than 40960 bytes at 66087 bytes at vector index: 2026.
file: dataset/mined-comments-25stars-25prs-JavaScript.json/repo-split\1-plotly@plotly.js.json.
2023-10-21 19:53:47,868 - WARNING - Truncated diff from 65535 to 16034 bytes.
2023-10-21 19:53:47,869 - WARNING - Warning: Metadata size is greater than 40960 bytes at 57439 bytes at vector index: 5159.
file: dataset/mined-comments-25stars-25prs-JavaScript.json/repo-split\1-plotly@plotly.js.json.
2023-10-21 19:53:47,869 - WARNING - Truncated diff from 55071 to 26765 bytes.
2023-10-21 19:53:47,869 - WARNING - Warning: Metadata size is greater than 40960 bytes at 51049 bytes at vector index: 6355.
file: dataset/mined-comments-25stars-25prs-JavaScript.json/repo-split\1-plotly@plotly.js.json.
2023-10-21 19:53:47,869 - WARNING - Truncated diff from 48760 to 32989 bytes.
2023-10-21 19:53:47,869 - WARNING - Warning: Metadata size is greater than 40960 bytes at 50938 bytes at vector index: 6363.
file: dataset/mined-comments-25stars-25prs-JavaScript.json/repo-split\1-plotly@plotly.js.json.
2023-10-21 19:53:47,870 - WARNING - Truncated diff from 48760 to 33100 bytes.
2023-10-21 19:53:47,870 - WARNING - Warning: Metadata size is greater than 40960 bytes at 45246 bytes at vector index: 7822.
file: dataset/mined-comments-25stars-25prs-JavaScript.json/repo-split\1-plotly@plotly.js.json.
2023-10-21 19:53:47,870 - WARNING - Truncated diff from 43864 to 37928 bytes.
2023-10-21 19:53:47,870 - WARNING - Warning: Metadata size is greater than 40960 bytes at 49170 bytes at vector index: 8048.
file: dataset/mined-comments-25stars-25prs-JavaScript.json/repo-split\1-plotly@plotly.js.json.
2023-10-21 19:53:47,870 - WARNING - Truncated diff from 47685 to 34165 bytes.
2023-10-21 19:54:44,440 - INFO - Logging: dataset/mined-comments-25stars-25prs-JavaScript.json/repo-split\1-plotly@plotly.js.json processed
2023-10-21 20:02:42,378 - INFO - Waiting for 30 seconds. Reponse: {"error":"Model BAAI/bge-small-en-v1.5 is currently loading","estimated_time":20.0}
2023-10-21 20:14:33,086 - INFO - Waiting for 30 seconds. Reponse: {"error":"Model BAAI/bge-small-en-v1.5 is currently loading","estimated_time":20.0}
2023-10-21 20:15:41,978 - WARNING - Warning: Metadata size is greater than 40960 bytes at 43186 bytes at vector index: 520.
file: dataset/mined-comments-25stars-25prs-JavaScript.json/repo-split\2-vatesfr@xen-orchestra.json.
2023-10-21 20:15:41,979 - WARNING - Truncated diff from 40533 to 41350 bytes.
2023-10-21 20:15:41,979 - WARNING - Warning: Metadata size is greater than 40960 bytes at 48337 bytes at vector index: 521.
file: dataset/mined-comments-25stars-25prs-JavaScript.json/repo-split\2-vatesfr@xen-orchestra.json.
2023-10-21 20:15:41,979 - WARNING - Truncated diff from 45358 to 36525 bytes.
2023-10-21 20:15:41,979 - WARNING - Warning: Metadata size is greater than 40960 bytes at 49108 bytes at vector index: 522.
file: dataset/mined-comments-25stars-25prs-JavaScript.json/repo-split\2-vatesfr@xen-orchestra.json.
2023-10-21 20:15:41,979 - WARNING - Truncated diff from 46085 to 35805 bytes.
2023-10-21 20:15:41,979 - WARNING - Warning: Metadata size is greater than 40960 bytes at 69657 bytes at vector index: 523.
file: dataset/mined-comments-25stars-25prs-JavaScript.json/repo-split\2-vatesfr@xen-orchestra.json.
2023-10-21 20:15:41,979 - WARNING - Truncated diff from 65535 to 16303 bytes.
